INFO [2021-06-13 11:37:22] $x
INFO [2021-06-13 11:37:22] list(set1, set2, set3)
INFO [2021-06-13 11:37:22] 
INFO [2021-06-13 11:37:22] $category.names
INFO [2021-06-13 11:37:22] c("Set 1", "Set 2 ", "Set 3")
INFO [2021-06-13 11:37:22] 
INFO [2021-06-13 11:37:22] $filename
INFO [2021-06-13 11:37:22] [1] "#14_venn_diagramm.png"
INFO [2021-06-13 11:37:22] 
INFO [2021-06-13 11:37:22] $output
INFO [2021-06-13 11:37:22] [1] TRUE
INFO [2021-06-13 11:37:22] 
INFO [2021-06-13 11:37:22] $imagetype
INFO [2021-06-13 11:37:22] [1] "png"
INFO [2021-06-13 11:37:22] 
INFO [2021-06-13 11:37:22] $height
INFO [2021-06-13 11:37:22] [1] 480
INFO [2021-06-13 11:37:22] 
INFO [2021-06-13 11:37:22] $width
INFO [2021-06-13 11:37:22] [1] 480
INFO [2021-06-13 11:37:22] 
INFO [2021-06-13 11:37:22] $resolution
INFO [2021-06-13 11:37:22] [1] 300
INFO [2021-06-13 11:37:22] 
INFO [2021-06-13 11:37:22] $compression
INFO [2021-06-13 11:37:22] [1] "lzw"
INFO [2021-06-13 11:37:22] 
INFO [2021-06-13 11:37:22] $lwd
INFO [2021-06-13 11:37:22] [1] 2
INFO [2021-06-13 11:37:22] 
INFO [2021-06-13 11:37:22] $lty
INFO [2021-06-13 11:37:22] [1] "blank"
INFO [2021-06-13 11:37:22] 
INFO [2021-06-13 11:37:22] $fill
INFO [2021-06-13 11:37:22] myCol
INFO [2021-06-13 11:37:22] 
INFO [2021-06-13 11:37:22] $cex
INFO [2021-06-13 11:37:22] [1] 0.6
INFO [2021-06-13 11:37:22] 
INFO [2021-06-13 11:37:22] $fontface
INFO [2021-06-13 11:37:22] [1] "bold"
INFO [2021-06-13 11:37:22] 
INFO [2021-06-13 11:37:22] $fontfamily
INFO [2021-06-13 11:37:22] [1] "sans"
INFO [2021-06-13 11:37:22] 
INFO [2021-06-13 11:37:22] $cat.cex
INFO [2021-06-13 11:37:22] [1] 0.6
INFO [2021-06-13 11:37:22] 
INFO [2021-06-13 11:37:22] $cat.fontface
INFO [2021-06-13 11:37:22] [1] "bold"
INFO [2021-06-13 11:37:22] 
INFO [2021-06-13 11:37:22] $cat.default.pos
INFO [2021-06-13 11:37:22] [1] "outer"
INFO [2021-06-13 11:37:22] 
INFO [2021-06-13 11:37:22] $cat.pos
INFO [2021-06-13 11:37:22] c(-27, 27, 135)
INFO [2021-06-13 11:37:22] 
INFO [2021-06-13 11:37:22] $cat.dist
INFO [2021-06-13 11:37:22] c(0.055, 0.055, 0.085)
INFO [2021-06-13 11:37:22] 
INFO [2021-06-13 11:37:22] $cat.fontfamily
INFO [2021-06-13 11:37:22] [1] "sans"
INFO [2021-06-13 11:37:22] 
INFO [2021-06-13 11:37:22] $rotation
INFO [2021-06-13 11:37:22] [1] 1
INFO [2021-06-13 11:37:22] 
ERROR [2021-06-13 11:43:23] Unexpected parameter length for 'category'
