INFO [2021-06-17 23:05:17] $x
INFO [2021-06-17 23:05:17] list(DIABETES = dataset$X[which(dataset$DIABETES == 1)], CORONARIO = dataset$X[which(dataset$MOTIVO.DE.INGRESO == 
INFO [2021-06-17 23:05:17]     "PROG CORONARIO")], VALV = dataset$X[which(dataset$MOTIVO.DE.INGRESO == 
INFO [2021-06-17 23:05:17]     "PROG VALV")])
INFO [2021-06-17 23:05:17] 
INFO [2021-06-17 23:05:17] $category.names
INFO [2021-06-17 23:05:17] c("Diabetics", "Coronary", "Valv")
INFO [2021-06-17 23:05:17] 
INFO [2021-06-17 23:05:17] $filename
INFO [2021-06-17 23:05:17] [1] "venn_diagramm.png"
INFO [2021-06-17 23:05:17] 
INFO [2021-06-17 23:05:17] $output
INFO [2021-06-17 23:05:17] [1] TRUE
INFO [2021-06-17 23:05:17] 
INFO [2021-06-17 23:05:17] $imagetype
INFO [2021-06-17 23:05:17] [1] "png"
INFO [2021-06-17 23:05:17] 
INFO [2021-06-17 23:05:17] $height
INFO [2021-06-17 23:05:17] [1] 480
INFO [2021-06-17 23:05:17] 
INFO [2021-06-17 23:05:17] $width
INFO [2021-06-17 23:05:17] [1] 480
INFO [2021-06-17 23:05:17] 
INFO [2021-06-17 23:05:17] $resolution
INFO [2021-06-17 23:05:17] [1] 300
INFO [2021-06-17 23:05:17] 
INFO [2021-06-17 23:05:17] $compression
INFO [2021-06-17 23:05:17] [1] "lzw"
INFO [2021-06-17 23:05:17] 
INFO [2021-06-17 23:05:17] $lwd
INFO [2021-06-17 23:05:17] [1] 2
INFO [2021-06-17 23:05:17] 
INFO [2021-06-17 23:05:17] $lty
INFO [2021-06-17 23:05:17] [1] "blank"
INFO [2021-06-17 23:05:17] 
INFO [2021-06-17 23:05:17] $fill
INFO [2021-06-17 23:05:17] myCol
INFO [2021-06-17 23:05:17] 
INFO [2021-06-17 23:05:17] $cex
INFO [2021-06-17 23:05:17] [1] 0.6
INFO [2021-06-17 23:05:17] 
INFO [2021-06-17 23:05:17] $fontface
INFO [2021-06-17 23:05:17] [1] "bold"
INFO [2021-06-17 23:05:17] 
INFO [2021-06-17 23:05:17] $fontfamily
INFO [2021-06-17 23:05:17] [1] "sans"
INFO [2021-06-17 23:05:17] 
INFO [2021-06-17 23:05:17] $cat.cex
INFO [2021-06-17 23:05:17] [1] 0.6
INFO [2021-06-17 23:05:17] 
INFO [2021-06-17 23:05:17] $cat.fontface
INFO [2021-06-17 23:05:17] [1] "bold"
INFO [2021-06-17 23:05:17] 
INFO [2021-06-17 23:05:17] $cat.default.pos
INFO [2021-06-17 23:05:17] [1] "outer"
INFO [2021-06-17 23:05:17] 
INFO [2021-06-17 23:05:17] $cat.pos
INFO [2021-06-17 23:05:17] c(0, 5, 10)
INFO [2021-06-17 23:05:17] 
INFO [2021-06-17 23:05:17] $cat.dist
INFO [2021-06-17 23:05:17] c(0.055, 0.055, 0.015)
INFO [2021-06-17 23:05:17] 
INFO [2021-06-17 23:05:17] $cat.fontfamily
INFO [2021-06-17 23:05:17] [1] "sans"
INFO [2021-06-17 23:05:17] 
INFO [2021-06-17 23:05:17] $rotation
INFO [2021-06-17 23:05:17] [1] 1
INFO [2021-06-17 23:05:17] 
